<?xml version="1.0" encoding="UTF-8"?>
<testng-results skipped="0" failed="0" total="1" passed="1">
  <reporter-output>
  </reporter-output>
  <suite name="Default suite" duration-ms="5393" started-at="2023-08-02T11:18:57Z" finished-at="2023-08-02T11:19:03Z">
    <groups>
    </groups>
    <test name="Default test" duration-ms="5393" started-at="2023-08-02T11:18:57Z" finished-at="2023-08-02T11:19:03Z">
      <class name="airlines.AirlineTest">
        <test-method status="PASS" signature="createAirline()[pri:0, instance:airlines.AirlineTest@1888ff2c]" name="createAirline" duration-ms="5377" started-at="2023-08-02T16:48:57Z" finished-at="2023-08-02T16:49:03Z">
          <reporter-output>
          </reporter-output>
        </test-method> <!-- createAirline -->
      </class> <!-- airlines.AirlineTest -->
    </test> <!-- Default test -->
  </suite> <!-- Default suite -->
</testng-results>
